F:\OFFICE\Github Repositories\DdoRepository\DDO\DDO.WebApp\ClientApp\dist\out-tsc\src\app\app.component.js
F:\OFFICE\Github Repositories\DdoRepository\DDO\DDO.WebApp\ClientApp\dist\out-tsc\src\app\app.component.js.map
F:\OFFICE\Github Repositories\DdoRepository\DDO\DDO.WebApp\ClientApp\dist\out-tsc\src\app\prime-ng\prime-ng.module.js
F:\OFFICE\Github Repositories\DdoRepository\DDO\DDO.WebApp\ClientApp\dist\out-tsc\src\app\prime-ng\prime-ng.module.js.map
F:\OFFICE\Github Repositories\DdoRepository\DDO\DDO.WebApp\ClientApp\dist\out-tsc\src\app\service-base.js
F:\OFFICE\Github Repositories\DdoRepository\DDO\DDO.WebApp\ClientApp\dist\out-tsc\src\app\service-base.js.map
F:\OFFICE\Github Repositories\DdoRepository\DDO\DDO.WebApp\ClientApp\dist\out-tsc\src\app\components\suppliers\isupplier.js
F:\OFFICE\Github Repositories\DdoRepository\DDO\DDO.WebApp\ClientApp\dist\out-tsc\src\app\components\suppliers\isupplier.js.map
F:\OFFICE\Github Repositories\DdoRepository\DDO\DDO.WebApp\ClientApp\dist\out-tsc\src\app\components\suppliers\supplier.service.js
F:\OFFICE\Github Repositories\DdoRepository\DDO\DDO.WebApp\ClientApp\dist\out-tsc\src\app\components\suppliers\supplier.service.js.map
F:\OFFICE\Github Repositories\DdoRepository\DDO\DDO.WebApp\ClientApp\dist\out-tsc\src\app\components\tds\Itds.js
F:\OFFICE\Github Repositories\DdoRepository\DDO\DDO.WebApp\ClientApp\dist\out-tsc\src\app\components\tds\Itds.js.map
F:\OFFICE\Github Repositories\DdoRepository\DDO\DDO.WebApp\ClientApp\dist\out-tsc\src\app\components\tds\tds.service.js
F:\OFFICE\Github Repositories\DdoRepository\DDO\DDO.WebApp\ClientApp\dist\out-tsc\src\app\components\tds\tds.service.js.map
F:\OFFICE\Github Repositories\DdoRepository\DDO\DDO.WebApp\ClientApp\dist\out-tsc\src\app\authenticated-user\authenticated-user.component.js
F:\OFFICE\Github Repositories\DdoRepository\DDO\DDO.WebApp\ClientApp\dist\out-tsc\src\app\authenticated-user\authenticated-user.component.js.map
F:\OFFICE\Github Repositories\DdoRepository\DDO\DDO.WebApp\ClientApp\dist\out-tsc\src\app\state-list.js
F:\OFFICE\Github Repositories\DdoRepository\DDO\DDO.WebApp\ClientApp\dist\out-tsc\src\app\state-list.js.map
F:\OFFICE\Github Repositories\DdoRepository\DDO\DDO.WebApp\ClientApp\dist\out-tsc\src\app\components\suppliers\supplier-form\supplier-form.component.js
F:\OFFICE\Github Repositories\DdoRepository\DDO\DDO.WebApp\ClientApp\dist\out-tsc\src\app\components\suppliers\supplier-form\supplier-form.component.js.map
F:\OFFICE\Github Repositories\DdoRepository\DDO\DDO.WebApp\ClientApp\dist\out-tsc\src\app\components\suppliers\supplier-list\supplier-list.component.js
F:\OFFICE\Github Repositories\DdoRepository\DDO\DDO.WebApp\ClientApp\dist\out-tsc\src\app\components\suppliers\supplier-list\supplier-list.component.js.map
F:\OFFICE\Github Repositories\DdoRepository\DDO\DDO.WebApp\ClientApp\dist\out-tsc\src\app\components\tds\tds-list\tds-list.component.js
F:\OFFICE\Github Repositories\DdoRepository\DDO\DDO.WebApp\ClientApp\dist\out-tsc\src\app\components\tds\tds-list\tds-list.component.js.map
F:\OFFICE\Github Repositories\DdoRepository\DDO\DDO.WebApp\ClientApp\dist\out-tsc\src\app\user-profile\iuserprofile.js
F:\OFFICE\Github Repositories\DdoRepository\DDO\DDO.WebApp\ClientApp\dist\out-tsc\src\app\user-profile\iuserprofile.js.map
F:\OFFICE\Github Repositories\DdoRepository\DDO\DDO.WebApp\ClientApp\dist\out-tsc\src\app\user-profile\userprofile.service.js
F:\OFFICE\Github Repositories\DdoRepository\DDO\DDO.WebApp\ClientApp\dist\out-tsc\src\app\user-profile\userprofile.service.js.map
F:\OFFICE\Github Repositories\DdoRepository\DDO\DDO.WebApp\ClientApp\dist\out-tsc\src\app\components\tds\tds-form\tds-form.component.js
F:\OFFICE\Github Repositories\DdoRepository\DDO\DDO.WebApp\ClientApp\dist\out-tsc\src\app\components\tds\tds-form\tds-form.component.js.map
F:\OFFICE\Github Repositories\DdoRepository\DDO\DDO.WebApp\ClientApp\dist\out-tsc\src\app\top-menu\top-menu.component.js
F:\OFFICE\Github Repositories\DdoRepository\DDO\DDO.WebApp\ClientApp\dist\out-tsc\src\app\top-menu\top-menu.component.js.map
F:\OFFICE\Github Repositories\DdoRepository\DDO\DDO.WebApp\ClientApp\dist\out-tsc\src\app\sidebar\sidebar.component.js
F:\OFFICE\Github Repositories\DdoRepository\DDO\DDO.WebApp\ClientApp\dist\out-tsc\src\app\sidebar\sidebar.component.js.map
F:\OFFICE\Github Repositories\DdoRepository\DDO\DDO.WebApp\ClientApp\dist\out-tsc\src\app\components\dashboard\dashboard.component.js
F:\OFFICE\Github Repositories\DdoRepository\DDO\DDO.WebApp\ClientApp\dist\out-tsc\src\app\components\dashboard\dashboard.component.js.map
F:\OFFICE\Github Repositories\DdoRepository\DDO\DDO.WebApp\ClientApp\dist\out-tsc\src\app\user-setting.js
F:\OFFICE\Github Repositories\DdoRepository\DDO\DDO.WebApp\ClientApp\dist\out-tsc\src\app\user-setting.js.map
F:\OFFICE\Github Repositories\DdoRepository\DDO\DDO.WebApp\ClientApp\dist\out-tsc\src\app\user-profile\user-profile\user-profile.component.js
F:\OFFICE\Github Repositories\DdoRepository\DDO\DDO.WebApp\ClientApp\dist\out-tsc\src\app\user-profile\user-profile\user-profile.component.js.map
F:\OFFICE\Github Repositories\DdoRepository\DDO\DDO.WebApp\ClientApp\dist\out-tsc\src\app\app.module.js
F:\OFFICE\Github Repositories\DdoRepository\DDO\DDO.WebApp\ClientApp\dist\out-tsc\src\app\app.module.js.map
F:\OFFICE\Github Repositories\DdoRepository\DDO\DDO.WebApp\ClientApp\dist\out-tsc\src\environments\environment.js
F:\OFFICE\Github Repositories\DdoRepository\DDO\DDO.WebApp\ClientApp\dist\out-tsc\src\environments\environment.js.map
F:\OFFICE\Github Repositories\DdoRepository\DDO\DDO.WebApp\ClientApp\dist\out-tsc\src\main.js
F:\OFFICE\Github Repositories\DdoRepository\DDO\DDO.WebApp\ClientApp\dist\out-tsc\src\main.js.map
F:\OFFICE\Github Repositories\DdoRepository\DDO\DDO.WebApp\ClientApp\dist\out-tsc\src\polyfills.js
F:\OFFICE\Github Repositories\DdoRepository\DDO\DDO.WebApp\ClientApp\dist\out-tsc\src\polyfills.js.map
F:\OFFICE\Github Repositories\DdoRepository\DDO\DDO.WebApp\ClientApp\dist\out-tsc\src\test.js
F:\OFFICE\Github Repositories\DdoRepository\DDO\DDO.WebApp\ClientApp\dist\out-tsc\src\test.js.map
F:\OFFICE\Github Repositories\DdoRepository\DDO\DDO.WebApp\ClientApp\dist\out-tsc\e2e\src\app.po.js
F:\OFFICE\Github Repositories\DdoRepository\DDO\DDO.WebApp\ClientApp\dist\out-tsc\e2e\src\app.po.js.map
F:\OFFICE\Github Repositories\DdoRepository\DDO\DDO.WebApp\ClientApp\dist\out-tsc\e2e\src\app.e2e-spec.js
F:\OFFICE\Github Repositories\DdoRepository\DDO\DDO.WebApp\ClientApp\dist\out-tsc\e2e\src\app.e2e-spec.js.map
F:\OFFICE\Github Repositories\DdoRepository\DDO\DDO.WebApp\ClientApp\dist\out-tsc\src\app\app.component.spec.js
F:\OFFICE\Github Repositories\DdoRepository\DDO\DDO.WebApp\ClientApp\dist\out-tsc\src\app\app.component.spec.js.map
F:\OFFICE\Github Repositories\DdoRepository\DDO\DDO.WebApp\ClientApp\dist\out-tsc\src\app\errors-handler.js
F:\OFFICE\Github Repositories\DdoRepository\DDO\DDO.WebApp\ClientApp\dist\out-tsc\src\app\errors-handler.js.map
F:\OFFICE\Github Repositories\DdoRepository\DDO\DDO.WebApp\ClientApp\dist\out-tsc\src\app\month-list.js
F:\OFFICE\Github Repositories\DdoRepository\DDO\DDO.WebApp\ClientApp\dist\out-tsc\src\app\month-list.js.map
F:\OFFICE\Github Repositories\DdoRepository\DDO\DDO.WebApp\ClientApp\dist\out-tsc\src\environments\environment.prod.js
F:\OFFICE\Github Repositories\DdoRepository\DDO\DDO.WebApp\ClientApp\dist\out-tsc\src\environments\environment.prod.js.map
F:\OFFICE\Github Repositories\DdoRepository\DDO\DDO.WebApp\ClientApp\dist\out-tsc\src\app\authenticated-user\authenticated-user.component.spec.js
F:\OFFICE\Github Repositories\DdoRepository\DDO\DDO.WebApp\ClientApp\dist\out-tsc\src\app\authenticated-user\authenticated-user.component.spec.js.map
F:\OFFICE\Github Repositories\DdoRepository\DDO\DDO.WebApp\ClientApp\dist\out-tsc\src\app\sidebar\sidebar.component.spec.js
F:\OFFICE\Github Repositories\DdoRepository\DDO\DDO.WebApp\ClientApp\dist\out-tsc\src\app\sidebar\sidebar.component.spec.js.map
F:\OFFICE\Github Repositories\DdoRepository\DDO\DDO.WebApp\ClientApp\dist\out-tsc\src\app\top-menu\top-menu.component.spec.js
F:\OFFICE\Github Repositories\DdoRepository\DDO\DDO.WebApp\ClientApp\dist\out-tsc\src\app\top-menu\top-menu.component.spec.js.map
F:\OFFICE\Github Repositories\DdoRepository\DDO\DDO.WebApp\ClientApp\dist\out-tsc\src\app\components\dashboard\dashboard.component.spec.js
F:\OFFICE\Github Repositories\DdoRepository\DDO\DDO.WebApp\ClientApp\dist\out-tsc\src\app\components\dashboard\dashboard.component.spec.js.map
F:\OFFICE\Github Repositories\DdoRepository\DDO\DDO.WebApp\ClientApp\dist\out-tsc\src\app\user-profile\user-profile\user-profile.component.spec.js
F:\OFFICE\Github Repositories\DdoRepository\DDO\DDO.WebApp\ClientApp\dist\out-tsc\src\app\user-profile\user-profile\user-profile.component.spec.js.map
F:\OFFICE\Github Repositories\DdoRepository\DDO\DDO.WebApp\ClientApp\dist\out-tsc\src\app\components\suppliers\supplier-form\supplier-form.component.spec.js
F:\OFFICE\Github Repositories\DdoRepository\DDO\DDO.WebApp\ClientApp\dist\out-tsc\src\app\components\suppliers\supplier-form\supplier-form.component.spec.js.map
F:\OFFICE\Github Repositories\DdoRepository\DDO\DDO.WebApp\ClientApp\dist\out-tsc\src\app\components\suppliers\supplier-list\supplier-list.component.spec.js
F:\OFFICE\Github Repositories\DdoRepository\DDO\DDO.WebApp\ClientApp\dist\out-tsc\src\app\components\suppliers\supplier-list\supplier-list.component.spec.js.map
F:\OFFICE\Github Repositories\DdoRepository\DDO\DDO.WebApp\ClientApp\dist\out-tsc\src\app\components\tds\tds-form\tds-form.component.spec.js
F:\OFFICE\Github Repositories\DdoRepository\DDO\DDO.WebApp\ClientApp\dist\out-tsc\src\app\components\tds\tds-form\tds-form.component.spec.js.map
F:\OFFICE\Github Repositories\DdoRepository\DDO\DDO.WebApp\ClientApp\dist\out-tsc\src\app\components\tds\tds-list\tds-list.component.spec.js
F:\OFFICE\Github Repositories\DdoRepository\DDO\DDO.WebApp\ClientApp\dist\out-tsc\src\app\components\tds\tds-list\tds-list.component.spec.js.map
